---------------------------------------------------------------
[ 2017-10-25T18:08:06+08:00 ] 127.0.0.1 127.0.0.1 POST /index.php/apiv1/v1/course/kb
[ info ] www.bbmc.com/index.php/apiv1/v1/course/kb [运行时间：6.036000s][吞吐率：0.17req/s] [内存消耗：2,685.24kb] [文件加载：59]
[ sql ] [ DB ] CONNECT:[ UseTime:1.904000s ] mysql:dbname=bbmc;host=127.0.0.1;charset=utf8
[ sql ] [ SQL ] SHOW COLUMNS FROM `student` [ RunTime:2.827000s ]
[ sql ] [ SQL ] SELECT * FROM `student` WHERE  `uid` = '1141101' LIMIT 1 [ RunTime:0.019000s ]
[ sql ] [ SQL ] SHOW COLUMNS FROM `ban` [ RunTime:0.046000s ]
[ sql ] [ SQL ] SELECT * FROM `ban` WHERE  `id` = 1 LIMIT 1 [ RunTime:0.025000s ]
[ sql ] [ SQL ] SHOW COLUMNS FROM `course` [ RunTime:0.062000s ]
[ sql ] [ SQL ] SELECT * FROM `course` WHERE  `major_id` = 1 ORDER BY `week` [ RunTime:0.000000s ]
[ sql ] [ SQL ] SHOW COLUMNS FROM `teacher` [ RunTime:0.070000s ]
[ sql ] [ SQL ] SELECT * FROM `teacher` WHERE  `id` IN (1,1,1,1,1,1,1,1,1,1,1,1,1,1,1,1,1,1,1,1,1,1,1,1,1,1,1,1,1,1,1,1,1,1,1) [ RunTime:0.002000s ]
[ sql ] [ SQL ] SHOW COLUMNS FROM `classroom` [ RunTime:0.054000s ]
[ sql ] [ SQL ] SELECT * FROM `classroom` WHERE  `id` IN (1,1,1,1,1,1,1,1,1,1,1,1,1,1,1,1,1,1,1,1,1,1,1,1,1,1,1,1,1,1,1,1,1,1,1) [ RunTime:0.001000s ]
---------------------------------------------------------------
[ 2017-10-25T18:08:06+08:00 ] 127.0.0.1 127.0.0.1 POST /index.php/apiv1/v1/user/getuserinfo
[ info ] www.bbmc.com/index.php/apiv1/v1/user/getuserinfo [运行时间：5.444000s][吞吐率：0.18req/s] [内存消耗：3,002.40kb] [文件加载：65]
[ sql ] [ DB ] CONNECT:[ UseTime:0.047000s ] mysql:dbname=bbmc;host=127.0.0.1;charset=utf8
[ sql ] [ SQL ] SHOW COLUMNS FROM `student` [ RunTime:2.328000s ]
[ sql ] [ SQL ] SELECT * FROM `student` WHERE  `openid` = 'oFTge0eFEsmQfcID2dv64T3TVbuY' LIMIT 1 [ RunTime:0.019000s ]
[ sql ] [ SQL ] SHOW COLUMNS FROM `ban` [ RunTime:0.046000s ]
[ sql ] [ SQL ] SELECT * FROM `ban` WHERE  `id` = 1 [ RunTime:0.025000s ]
[ sql ] [ SQL ] SHOW COLUMNS FROM `grade` [ RunTime:0.121000s ]
[ sql ] [ SQL ] SELECT * FROM `grade` WHERE  `id` = 1 [ RunTime:0.032000s ]
[ sql ] [ SQL ] SELECT * FROM `ban` WHERE  `id` = 1 [ RunTime:0.001000s ]
[ sql ] [ SQL ] SHOW COLUMNS FROM `major` [ RunTime:0.063000s ]
[ sql ] [ SQL ] SELECT * FROM `major` WHERE  `id` IN (1) [ RunTime:0.001000s ]
[ sql ] [ SQL ] SELECT * FROM `ban` WHERE  `id` = 1 [ RunTime:0.001000s ]
[ sql ] [ SQL ] SELECT * FROM `major` WHERE  `id` IN (1) [ RunTime:0.001000s ]
[ sql ] [ SQL ] SHOW COLUMNS FROM `department` [ RunTime:0.016000s ]
[ sql ] [ SQL ] SELECT * FROM `department` WHERE  `id` IN (1) [ RunTime:0.001000s ]
[ sql ] [ SQL ] SELECT * FROM `ban` WHERE  `id` = 1 [ RunTime:0.001000s ]
[ sql ] [ SQL ] SELECT * FROM `major` WHERE  `id` IN (1) [ RunTime:0.001000s ]
[ sql ] [ SQL ] SELECT * FROM `department` WHERE  `id` IN (1) [ RunTime:0.001000s ]
[ sql ] [ SQL ] SHOW COLUMNS FROM `college` [ RunTime:0.110000s ]
[ sql ] [ SQL ] SELECT * FROM `college` WHERE  `id` IN (1) [ RunTime:0.001000s ]
[ sql ] [ SQL ] SELECT * FROM `ban` WHERE  `id` = 1 [ RunTime:0.000000s ]
[ sql ] [ SQL ] SELECT * FROM `major` WHERE  `id` IN (1) [ RunTime:0.000000s ]
[ sql ] [ SQL ] SELECT * FROM `department` WHERE  `id` IN (1) [ RunTime:0.000000s ]
[ sql ] [ SQL ] SELECT * FROM `college` WHERE  `id` IN (1) [ RunTime:0.001000s ]
[ sql ] [ SQL ] SHOW COLUMNS FROM `school` [ RunTime:0.037000s ]
[ sql ] [ SQL ] SELECT * FROM `school` WHERE  `id` IN (1) [ RunTime:0.001000s ]
---------------------------------------------------------------
[ 2017-10-25T18:08:06+08:00 ] 127.0.0.1 127.0.0.1 POST /index.php/apiv1/v1/course/kb
[ info ] www.bbmc.com/index.php/apiv1/v1/course/kb [运行时间：0.105000s][吞吐率：9.52req/s] [内存消耗：2,685.31kb] [文件加载：59]
[ sql ] [ DB ] CONNECT:[ UseTime:0.001000s ] mysql:dbname=bbmc;host=127.0.0.1;charset=utf8
[ sql ] [ SQL ] SHOW COLUMNS FROM `student` [ RunTime:0.009000s ]
[ sql ] [ SQL ] SELECT * FROM `student` WHERE  `uid` = '1141101' LIMIT 1 [ RunTime:0.000000s ]
[ sql ] [ SQL ] SHOW COLUMNS FROM `ban` [ RunTime:0.011000s ]
[ sql ] [ SQL ] SELECT * FROM `ban` WHERE  `id` = 1 LIMIT 1 [ RunTime:0.001000s ]
[ sql ] [ SQL ] SHOW COLUMNS FROM `course` [ RunTime:0.010000s ]
[ sql ] [ SQL ] SELECT * FROM `course` WHERE  `major_id` = 1 ORDER BY `week` [ RunTime:0.001000s ]
[ sql ] [ SQL ] SHOW COLUMNS FROM `teacher` [ RunTime:0.006000s ]
[ sql ] [ SQL ] SELECT * FROM `teacher` WHERE  `id` IN (1,1,1,1,1,1,1,1,1,1,1,1,1,1,1,1,1,1,1,1,1,1,1,1,1,1,1,1,1,1,1,1,1,1,1) [ RunTime:0.000000s ]
[ sql ] [ SQL ] SHOW COLUMNS FROM `classroom` [ RunTime:0.006000s ]
[ sql ] [ SQL ] SELECT * FROM `classroom` WHERE  `id` IN (1,1,1,1,1,1,1,1,1,1,1,1,1,1,1,1,1,1,1,1,1,1,1,1,1,1,1,1,1,1,1,1,1,1,1) [ RunTime:0.000000s ]
---------------------------------------------------------------
[ 2017-10-25T18:08:28+08:00 ] 127.0.0.1 127.0.0.1 POST /index.php/apiv1/v1/user/getuserinfo
[ info ] www.bbmc.com/index.php/apiv1/v1/user/getuserinfo [运行时间：0.285000s][吞吐率：3.51req/s] [内存消耗：3,002.40kb] [文件加载：65]
[ sql ] [ DB ] CONNECT:[ UseTime:0.010000s ] mysql:dbname=bbmc;host=127.0.0.1;charset=utf8
[ sql ] [ SQL ] SHOW COLUMNS FROM `student` [ RunTime:0.011000s ]
[ sql ] [ SQL ] SELECT * FROM `student` WHERE  `openid` = 'oFTge0eFEsmQfcID2dv64T3TVbuY' LIMIT 1 [ RunTime:0.001000s ]
[ sql ] [ SQL ] SHOW COLUMNS FROM `ban` [ RunTime:0.010000s ]
[ sql ] [ SQL ] SELECT * FROM `ban` WHERE  `id` = 1 [ RunTime:0.001000s ]
[ sql ] [ SQL ] SHOW COLUMNS FROM `grade` [ RunTime:0.010000s ]
[ sql ] [ SQL ] SELECT * FROM `grade` WHERE  `id` = 1 [ RunTime:0.000000s ]
[ sql ] [ SQL ] SELECT * FROM `ban` WHERE  `id` = 1 [ RunTime:0.001000s ]
[ sql ] [ SQL ] SHOW COLUMNS FROM `major` [ RunTime:0.006000s ]
[ sql ] [ SQL ] SELECT * FROM `major` WHERE  `id` IN (1) [ RunTime:0.001000s ]
[ sql ] [ SQL ] SELECT * FROM `ban` WHERE  `id` = 1 [ RunTime:0.000000s ]
[ sql ] [ SQL ] SELECT * FROM `major` WHERE  `id` IN (1) [ RunTime:0.001000s ]
[ sql ] [ SQL ] SHOW COLUMNS FROM `department` [ RunTime:0.006000s ]
[ sql ] [ SQL ] SELECT * FROM `department` WHERE  `id` IN (1) [ RunTime:0.001000s ]
[ sql ] [ SQL ] SELECT * FROM `ban` WHERE  `id` = 1 [ RunTime:0.000000s ]
[ sql ] [ SQL ] SELECT * FROM `major` WHERE  `id` IN (1) [ RunTime:0.000000s ]
[ sql ] [ SQL ] SELECT * FROM `department` WHERE  `id` IN (1) [ RunTime:0.000000s ]
[ sql ] [ SQL ] SHOW COLUMNS FROM `college` [ RunTime:0.006000s ]
[ sql ] [ SQL ] SELECT * FROM `college` WHERE  `id` IN (1) [ RunTime:0.001000s ]
[ sql ] [ SQL ] SELECT * FROM `ban` WHERE  `id` = 1 [ RunTime:0.000000s ]
[ sql ] [ SQL ] SELECT * FROM `major` WHERE  `id` IN (1) [ RunTime:0.000000s ]
[ sql ] [ SQL ] SELECT * FROM `department` WHERE  `id` IN (1) [ RunTime:0.000000s ]
[ sql ] [ SQL ] SELECT * FROM `college` WHERE  `id` IN (1) [ RunTime:0.000000s ]
[ sql ] [ SQL ] SHOW COLUMNS FROM `school` [ RunTime:0.004000s ]
[ sql ] [ SQL ] SELECT * FROM `school` WHERE  `id` IN (1) [ RunTime:0.000000s ]
---------------------------------------------------------------
[ 2017-10-25T18:08:29+08:00 ] 127.0.0.1 127.0.0.1 POST /index.php/apiv1/v1/course/kb
[ info ] www.bbmc.com/index.php/apiv1/v1/course/kb [运行时间：0.087000s][吞吐率：11.49req/s] [内存消耗：2,685.31kb] [文件加载：59]
[ sql ] [ DB ] CONNECT:[ UseTime:0.001000s ] mysql:dbname=bbmc;host=127.0.0.1;charset=utf8
[ sql ] [ SQL ] SHOW COLUMNS FROM `student` [ RunTime:0.006000s ]
[ sql ] [ SQL ] SELECT * FROM `student` WHERE  `uid` = '1141101' LIMIT 1 [ RunTime:0.001000s ]
[ sql ] [ SQL ] SHOW COLUMNS FROM `ban` [ RunTime:0.005000s ]
[ sql ] [ SQL ] SELECT * FROM `ban` WHERE  `id` = 1 LIMIT 1 [ RunTime:0.001000s ]
[ sql ] [ SQL ] SHOW COLUMNS FROM `course` [ RunTime:0.008000s ]
[ sql ] [ SQL ] SELECT * FROM `course` WHERE  `major_id` = 1 ORDER BY `week` [ RunTime:0.001000s ]
[ sql ] [ SQL ] SHOW COLUMNS FROM `teacher` [ RunTime:0.006000s ]
[ sql ] [ SQL ] SELECT * FROM `teacher` WHERE  `id` IN (1,1,1,1,1,1,1,1,1,1,1,1,1,1,1,1,1,1,1,1,1,1,1,1,1,1,1,1,1,1,1,1,1,1,1) [ RunTime:0.000000s ]
[ sql ] [ SQL ] SHOW COLUMNS FROM `classroom` [ RunTime:0.006000s ]
[ sql ] [ SQL ] SELECT * FROM `classroom` WHERE  `id` IN (1,1,1,1,1,1,1,1,1,1,1,1,1,1,1,1,1,1,1,1,1,1,1,1,1,1,1,1,1,1,1,1,1,1,1) [ RunTime:0.000000s ]
---------------------------------------------------------------
[ 2017-10-25T18:08:38+08:00 ] 127.0.0.1 127.0.0.1 POST /index.php/apiv1/v1/user/getuserinfo
[ info ] www.bbmc.com/index.php/apiv1/v1/user/getuserinfo [运行时间：0.237000s][吞吐率：4.22req/s] [内存消耗：3,002.40kb] [文件加载：65]
[ sql ] [ DB ] CONNECT:[ UseTime:0.010000s ] mysql:dbname=bbmc;host=127.0.0.1;charset=utf8
[ sql ] [ SQL ] SHOW COLUMNS FROM `student` [ RunTime:0.005000s ]
[ sql ] [ SQL ] SELECT * FROM `student` WHERE  `openid` = 'oFTge0eFEsmQfcID2dv64T3TVbuY' LIMIT 1 [ RunTime:0.000000s ]
[ sql ] [ SQL ] SHOW COLUMNS FROM `ban` [ RunTime:0.004000s ]
[ sql ] [ SQL ] SELECT * FROM `ban` WHERE  `id` = 1 [ RunTime:0.000000s ]
[ sql ] [ SQL ] SHOW COLUMNS FROM `grade` [ RunTime:0.004000s ]
[ sql ] [ SQL ] SELECT * FROM `grade` WHERE  `id` = 1 [ RunTime:0.001000s ]
[ sql ] [ SQL ] SELECT * FROM `ban` WHERE  `id` = 1 [ RunTime:0.001000s ]
[ sql ] [ SQL ] SHOW COLUMNS FROM `major` [ RunTime:0.005000s ]
[ sql ] [ SQL ] SELECT * FROM `major` WHERE  `id` IN (1) [ RunTime:0.001000s ]
[ sql ] [ SQL ] SELECT * FROM `ban` WHERE  `id` = 1 [ RunTime:0.001000s ]
[ sql ] [ SQL ] SELECT * FROM `major` WHERE  `id` IN (1) [ RunTime:0.001000s ]
[ sql ] [ SQL ] SHOW COLUMNS FROM `department` [ RunTime:0.005000s ]
[ sql ] [ SQL ] SELECT * FROM `department` WHERE  `id` IN (1) [ RunTime:0.000000s ]
[ sql ] [ SQL ] SELECT * FROM `ban` WHERE  `id` = 1 [ RunTime:0.000000s ]
[ sql ] [ SQL ] SELECT * FROM `major` WHERE  `id` IN (1) [ RunTime:0.001000s ]
[ sql ] [ SQL ] SELECT * FROM `department` WHERE  `id` IN (1) [ RunTime:0.001000s ]
[ sql ] [ SQL ] SHOW COLUMNS FROM `college` [ RunTime:0.005000s ]
[ sql ] [ SQL ] SELECT * FROM `college` WHERE  `id` IN (1) [ RunTime:0.000000s ]
[ sql ] [ SQL ] SELECT * FROM `ban` WHERE  `id` = 1 [ RunTime:0.000000s ]
[ sql ] [ SQL ] SELECT * FROM `major` WHERE  `id` IN (1) [ RunTime:0.000000s ]
[ sql ] [ SQL ] SELECT * FROM `department` WHERE  `id` IN (1) [ RunTime:0.000000s ]
[ sql ] [ SQL ] SELECT * FROM `college` WHERE  `id` IN (1) [ RunTime:0.001000s ]
[ sql ] [ SQL ] SHOW COLUMNS FROM `school` [ RunTime:0.005000s ]
[ sql ] [ SQL ] SELECT * FROM `school` WHERE  `id` IN (1) [ RunTime:0.000000s ]
---------------------------------------------------------------
[ 2017-10-25T18:08:42+08:00 ] 127.0.0.1 127.0.0.1 POST /index.php/apiv1/v1/user/type
[ info ] www.bbmc.com/index.php/apiv1/v1/user/type [运行时间：0.181000s][吞吐率：5.52req/s] [内存消耗：2,868.31kb] [文件加载：63]
[ sql ] [ DB ] CONNECT:[ UseTime:0.011000s ] mysql:dbname=bbmc;host=127.0.0.1;charset=utf8
[ sql ] [ SQL ] SHOW COLUMNS FROM `student` [ RunTime:0.005000s ]
[ sql ] [ SQL ] SELECT COUNT(*) AS tp_count FROM `student` WHERE  `name` LIKE '叶%' LIMIT 1 [ RunTime:0.020000s ]
[ sql ] [ SQL ] SELECT * FROM `student` WHERE  `name` LIKE '叶%' LIMIT 0,2 [ RunTime:0.000000s ]
[ sql ] [ SQL ] SHOW COLUMNS FROM `ban` [ RunTime:0.005000s ]
[ sql ] [ SQL ] SELECT * FROM `ban` WHERE  `id` IN (1,1) [ RunTime:0.020000s ]
[ sql ] [ SQL ] SHOW COLUMNS FROM `grade` [ RunTime:0.005000s ]
[ sql ] [ SQL ] SELECT * FROM `grade` WHERE  `id` IN (1,1) [ RunTime:0.001000s ]
[ sql ] [ SQL ] SELECT * FROM `ban` WHERE  `id` IN (1,1) [ RunTime:0.000000s ]
[ sql ] [ SQL ] SHOW COLUMNS FROM `major` [ RunTime:0.005000s ]
[ sql ] [ SQL ] SELECT * FROM `major` WHERE  `id` IN (1) [ RunTime:0.000000s ]
[ sql ] [ SQL ] SELECT * FROM `ban` WHERE  `id` IN (1,1) [ RunTime:0.001000s ]
[ sql ] [ SQL ] SELECT * FROM `major` WHERE  `id` IN (1) [ RunTime:0.001000s ]
[ sql ] [ SQL ] SHOW COLUMNS FROM `department` [ RunTime:0.004000s ]
[ sql ] [ SQL ] SELECT * FROM `department` WHERE  `id` IN (1) [ RunTime:0.000000s ]
[ sql ] [ SQL ] SELECT * FROM `ban` WHERE  `id` IN (1,1) [ RunTime:0.000000s ]
[ sql ] [ SQL ] SELECT * FROM `major` WHERE  `id` IN (1) [ RunTime:0.000000s ]
[ sql ] [ SQL ] SELECT * FROM `department` WHERE  `id` IN (1) [ RunTime:0.000000s ]
[ sql ] [ SQL ] SHOW COLUMNS FROM `college` [ RunTime:0.005000s ]
[ sql ] [ SQL ] SELECT * FROM `college` WHERE  `id` IN (1) [ RunTime:0.000000s ]
[ sql ] [ SQL ] SELECT * FROM `ban` WHERE  `id` IN (1,1) [ RunTime:0.000000s ]
[ sql ] [ SQL ] SELECT * FROM `major` WHERE  `id` IN (1) [ RunTime:0.001000s ]
[ sql ] [ SQL ] SELECT * FROM `department` WHERE  `id` IN (1) [ RunTime:0.000000s ]
[ sql ] [ SQL ] SELECT * FROM `college` WHERE  `id` IN (1) [ RunTime:0.000000s ]
[ sql ] [ SQL ] SHOW COLUMNS FROM `school` [ RunTime:0.005000s ]
[ sql ] [ SQL ] SELECT * FROM `school` WHERE  `id` IN (1) [ RunTime:0.000000s ]
---------------------------------------------------------------
[ 2017-10-25T18:08:49+08:00 ] 127.0.0.1 127.0.0.1 POST /index.php/apiv1/v1/grade
[ info ] www.bbmc.com/index.php/apiv1/v1/grade [运行时间：0.282000s][吞吐率：3.55req/s] [内存消耗：2,738.27kb] [文件加载：60]
[ sql ] [ DB ] CONNECT:[ UseTime:0.001000s ] mysql:dbname=bbmc;host=127.0.0.1;charset=utf8
[ sql ] [ SQL ] SHOW COLUMNS FROM `student_exam` [ RunTime:0.025000s ]
[ sql ] [ SQL ] SELECT * FROM `student_exam` WHERE  `uid` = 1  AND `status` = 1 [ RunTime:0.000000s ]
[ sql ] [ SQL ] SHOW COLUMNS FROM `exam` [ RunTime:0.060000s ]
[ sql ] [ SQL ] SELECT * FROM `exam` WHERE  `id` IN (1,2) [ RunTime:0.001000s ]
[ sql ] [ SQL ] SHOW COLUMNS FROM `course` [ RunTime:0.014000s ]
[ sql ] [ SQL ] SELECT * FROM `course` WHERE  `id` IN (1,2) [ RunTime:0.002000s ]
[ sql ] [ SQL ] SHOW COLUMNS FROM `classroom` [ RunTime:0.014000s ]
[ sql ] [ SQL ] SELECT * FROM `classroom` WHERE  `id` IN (1,1) [ RunTime:0.000000s ]
[ sql ] [ SQL ] SELECT * FROM `exam` WHERE  `id` IN (1,2) [ RunTime:0.000000s ]
[ sql ] [ SQL ] SELECT * FROM `exam` WHERE  `id` IN (1,2) [ RunTime:0.001000s ]
[ sql ] [ SQL ] SELECT * FROM `course` WHERE  `id` IN (1,2) [ RunTime:0.001000s ]
[ sql ] [ SQL ] SELECT * FROM `exam` WHERE  `id` IN (1,2) [ RunTime:0.001000s ]
[ sql ] [ SQL ] SELECT * FROM `course` WHERE  `id` IN (1,2) [ RunTime:0.001000s ]
[ sql ] [ SQL ] SHOW COLUMNS FROM `teacher` [ RunTime:0.006000s ]
[ sql ] [ SQL ] SELECT * FROM `teacher` WHERE  `id` IN (1,1) [ RunTime:0.000000s ]
---------------------------------------------------------------
[ 2017-10-25T18:08:58+08:00 ] 127.0.0.1 127.0.0.1 POST /index.php/apiv1/v1/user/getuserinfo
[ info ] www.bbmc.com/index.php/apiv1/v1/user/getuserinfo [运行时间：0.237000s][吞吐率：4.22req/s] [内存消耗：3,002.40kb] [文件加载：65]
[ sql ] [ DB ] CONNECT:[ UseTime:0.002000s ] mysql:dbname=bbmc;host=127.0.0.1;charset=utf8
[ sql ] [ SQL ] SHOW COLUMNS FROM `student` [ RunTime:0.011000s ]
[ sql ] [ SQL ] SELECT * FROM `student` WHERE  `openid` = 'oFTge0eFEsmQfcID2dv64T3TVbuY' LIMIT 1 [ RunTime:0.001000s ]
[ sql ] [ SQL ] SHOW COLUMNS FROM `ban` [ RunTime:0.006000s ]
[ sql ] [ SQL ] SELECT * FROM `ban` WHERE  `id` = 1 [ RunTime:0.001000s ]
[ sql ] [ SQL ] SHOW COLUMNS FROM `grade` [ RunTime:0.007000s ]
[ sql ] [ SQL ] SELECT * FROM `grade` WHERE  `id` = 1 [ RunTime:0.000000s ]
[ sql ] [ SQL ] SELECT * FROM `ban` WHERE  `id` = 1 [ RunTime:0.001000s ]
[ sql ] [ SQL ] SHOW COLUMNS FROM `major` [ RunTime:0.006000s ]
[ sql ] [ SQL ] SELECT * FROM `major` WHERE  `id` IN (1) [ RunTime:0.000000s ]
[ sql ] [ SQL ] SELECT * FROM `ban` WHERE  `id` = 1 [ RunTime:0.000000s ]
[ sql ] [ SQL ] SELECT * FROM `major` WHERE  `id` IN (1) [ RunTime:0.000000s ]
[ sql ] [ SQL ] SHOW COLUMNS FROM `department` [ RunTime:0.006000s ]
[ sql ] [ SQL ] SELECT * FROM `department` WHERE  `id` IN (1) [ RunTime:0.000000s ]
[ sql ] [ SQL ] SELECT * FROM `ban` WHERE  `id` = 1 [ RunTime:0.000000s ]
[ sql ] [ SQL ] SELECT * FROM `major` WHERE  `id` IN (1) [ RunTime:0.000000s ]
[ sql ] [ SQL ] SELECT * FROM `department` WHERE  `id` IN (1) [ RunTime:0.000000s ]
[ sql ] [ SQL ] SHOW COLUMNS FROM `college` [ RunTime:0.006000s ]
[ sql ] [ SQL ] SELECT * FROM `college` WHERE  `id` IN (1) [ RunTime:0.000000s ]
[ sql ] [ SQL ] SELECT * FROM `ban` WHERE  `id` = 1 [ RunTime:0.000000s ]
[ sql ] [ SQL ] SELECT * FROM `major` WHERE  `id` IN (1) [ RunTime:0.000000s ]
[ sql ] [ SQL ] SELECT * FROM `department` WHERE  `id` IN (1) [ RunTime:0.001000s ]
[ sql ] [ SQL ] SELECT * FROM `college` WHERE  `id` IN (1) [ RunTime:0.000000s ]
[ sql ] [ SQL ] SHOW COLUMNS FROM `school` [ RunTime:0.007000s ]
[ sql ] [ SQL ] SELECT * FROM `school` WHERE  `id` IN (1) [ RunTime:0.000000s ]
---------------------------------------------------------------
[ 2017-10-25T18:08:58+08:00 ] 127.0.0.1 127.0.0.1 POST /index.php/apiv1/v1/exam
[ info ] www.bbmc.com/index.php/apiv1/v1/exam [运行时间：0.132000s][吞吐率：7.58req/s] [内存消耗：2,788.33kb] [文件加载：61]
[ sql ] [ DB ] CONNECT:[ UseTime:0.010000s ] mysql:dbname=bbmc;host=127.0.0.1;charset=utf8
[ sql ] [ SQL ] SHOW COLUMNS FROM `student` [ RunTime:0.006000s ]
[ sql ] [ SQL ] SELECT * FROM `student` WHERE  `id` = 1 LIMIT 1 [ RunTime:0.001000s ]
[ sql ] [ SQL ] SHOW COLUMNS FROM `student_exam` [ RunTime:0.006000s ]
[ sql ] [ SQL ] SELECT * FROM `student_exam` WHERE  `uid` = 1 [ RunTime:0.000000s ]
[ sql ] [ SQL ] SHOW COLUMNS FROM `exam` [ RunTime:0.005000s ]
[ sql ] [ SQL ] SELECT * FROM `exam` WHERE  `id` IN (1,2) [ RunTime:0.000000s ]
[ sql ] [ SQL ] SHOW COLUMNS FROM `course` [ RunTime:0.007000s ]
[ sql ] [ SQL ] SELECT * FROM `course` WHERE  `id` IN (1,2) [ RunTime:0.000000s ]
[ sql ] [ SQL ] SHOW COLUMNS FROM `classroom` [ RunTime:0.008000s ]
[ sql ] [ SQL ] SELECT * FROM `classroom` WHERE  `id` IN (1,1) [ RunTime:0.000000s ]
[ sql ] [ SQL ] SELECT * FROM `exam` WHERE  `id` IN (1,2) [ RunTime:0.001000s ]
[ sql ] [ SQL ] SELECT * FROM `exam` WHERE  `id` IN (1,2) [ RunTime:0.001000s ]
[ sql ] [ SQL ] SELECT * FROM `course` WHERE  `id` IN (1,2) [ RunTime:0.001000s ]
[ sql ] [ SQL ] SELECT * FROM `exam` WHERE  `id` IN (1,2) [ RunTime:0.000000s ]
[ sql ] [ SQL ] SELECT * FROM `course` WHERE  `id` IN (1,2) [ RunTime:0.001000s ]
[ sql ] [ SQL ] SHOW COLUMNS FROM `teacher` [ RunTime:0.005000s ]
[ sql ] [ SQL ] SELECT * FROM `teacher` WHERE  `id` IN (1,1) [ RunTime:0.000000s ]
